  Compiling CUDA source file test.cu...
  
  D:\LearnCodes\CUDA By Example\CBE_C7_118>"E:\CUDA NVDIA GPU Computing Toolkit\v11.8\bin\nvcc.exe" -gencode=arch=compute_52,code=\"sm_52,compute_52\" --use-local-env -ccbin "E:\Microsoft Visual Studio\2022\Community\VC\Tools\MSVC\14.37.32822\bin\HostX64\x64" -x cu   -I"E:\CUDA NVDIA GPU Computing Toolkit\v11.8\include" -I"E:\CUDA NVDIA GPU Computing Toolkit\v11.8\include"  -G   --keep-dir x64\Debug  -maxrregcount=0  --machine 64 --compile -cudart static  -g  -DWIN32 -DWIN64 -D_DEBUG -D_CONSOLE -D_MBCS -Xcompiler "/EHsc /W3 /nologo /Od /Fdx64\Debug\vc143.pdb /FS /Zi /RTC1 /MDd " -o "D:\LearnCodes\CUDA By Example\CBE_C7_118\x64\Debug\test.cu.obj" "D:\LearnCodes\CUDA By Example\CBE_C7_118\test.cu" 
D:\LearnCodes\CUDA By Example\CBE_C7_118\../source_code/common/cpu_anim.h(61): warning #2464-D: conversion from a string literal to "char *" is deprecated
  
D:\LearnCodes\CUDA By Example\CBE_C7_118\test.cu(17): warning #1215-D: function "tex1Dfetch(texture<T, 1, cudaReadModeElementType>, int) [with T=int]"
  E:\CUDA NVDIA GPU Computing Toolkit\v11.8\include\texture_fetch_functions.h(132): here was declared deprecated
  
D:\LearnCodes\CUDA By Example\CBE_C7_118\../source_code/common/cpu_anim.h(61): warning #2464-D: conversion from a string literal to "char *" is deprecated
  
  test.cu
D:\LearnCodes\CUDA By Example\CBE_C7_118\test.cu(31): warning C4996: 'cudaBindTexture': 被声明为已否决
D:\LearnCodes\CUDA By Example\CBE_C7_118\test.cu(32): warning C4996: 'cudaBindTexture': 被声明为已否决
D:\LearnCodes\CUDA By Example\CBE_C7_118\test.cu(76): warning C4996: 'cudaUnbindTexture': 被声明为已否决
D:\LearnCodes\CUDA By Example\CBE_C7_118\test.cu(77): warning C4996: 'cudaUnbindTexture': 被声明为已否决
E:\CUDA NVDIA GPU Computing Toolkit\v11.8\include\cuda_runtime.h(1527): warning C4996: 'cudaBindTexture': 被声明为已否决
  D:\LearnCodes\CUDA By Example\CBE_C7_118\test.cu(31): note: 查看对正在编译的函数 模板 实例化“cudaError_t cudaBindTexture<int,1,cudaReadModeElementType>(size_t *,const texture<int,1,cudaReadModeElementType> &,const void *,size_t)”的引用
E:\CUDA NVDIA GPU Computing Toolkit\v11.8\include\cuda_runtime.h(1846): warning C4996: 'cudaUnbindTexture': 被声明为已否决
  D:\LearnCodes\CUDA By Example\CBE_C7_118\test.cu(76): note: 查看对正在编译的函数 模板 实例化“cudaError_t cudaUnbindTexture<int,1,cudaReadModeElementType>(const texture<int,1,cudaReadModeElementType> &)”的引用
E:\CUDA NVDIA GPU Computing Toolkit\v11.8\include\cuda_runtime.h(1482): warning C4996: 'cudaBindTexture': 被声明为已否决
  E:\CUDA NVDIA GPU Computing Toolkit\v11.8\include\cuda_runtime.h(1527): note: 查看对正在编译的函数 模板 实例化“cudaError_t cudaBindTexture<int,1,cudaReadModeElementType>(size_t *,const texture<int,1,cudaReadModeElementType> &,const void *,const cudaChannelFormatDesc &,size_t)”的引用
  D:\LearnCodes\CUDA By Example\CBE_C7_118\test.cu(31): note: 查看对正在编译的函数 模板 实例化“cudaError_t cudaBindTexture<int,1,cudaReadModeElementType>(size_t *,const texture<int,1,cudaReadModeElementType> &,const void *,size_t)”的引用
    正在创建库 D:\LearnCodes\CUDA By Example\CBE_C7_118\x64\Debug\CBE_C7_118.lib 和对象 D:\LearnCodes\CUDA By Example\CBE_C7_118\x64\Debug\CBE_C7_118.exp
LINK : warning LNK4098: 默认库“LIBCMT”与其他库的使用冲突；请使用 /NODEFAULTLIB:library
  CBE_C7_118.vcxproj -> D:\LearnCodes\CUDA By Example\CBE_C7_118\x64\Debug\CBE_C7_118.exe
